INPUT:
   ofmc/user-created/abaddd10-631e-4ed1-87ef-2a739afc470a.AnB
SUMMARY:
  ATTACK_FOUND
GOAL:
  guesswhat
BACKEND:
  Open-Source Fixedpoint Model-Checker version 2020
STATISTICS:
  TIME 18 ms
  parseTime 1 ms

ATTACK TRACE:
i -> (x20,1): x205
(x20,1) -> i: h(pw(x20,x25),x205)
i -> (i,17): h(guessPW,x205)
i -> (i,17): h(guessPW,x205)


% Reached State:
% 
% guessChal(h(guessPW,x205),guessSecrecyset(x20,1,ppwAB),i)
% witness(x20,x25,pBANB,x205)
% state_rA(x20,1,h,pw(x20,x25),x25,x205,h(pw(x20,x25),x205),1)
% contains(guessSecrecyset(x20,1,ppwAB),x20)
% contains(guessSecrecyset(x20,1,ppwAB),x25)
% state_rB(x26,0,h,pw(x27,x26),x27,1)
% state_rA(x28,0,h,pw(x28,x30),x30,2)
% state_rB(x31,0,h,pw(x32,x31),x32,2)
% state_rA(x33,0,h,pw(x33,x35),x35,3)
% state_rB(x36,0,h,pw(x37,x36),x37,3)

